<?xml version="1.0" encoding="UTF-8"?>
<coverage generated="1495545263699" clover="3.2.0">
  <project timestamp="1495545263700" name="All files">
    <metrics statements="65" coveredstatements="23" conditionals="6" coveredconditionals="1" methods="37" coveredmethods="14" elements="108" coveredelements="38" complexity="0" loc="65" ncloc="65" packages="1" files="7" classes="7">
      <file name="Articles.jsx" path="/Users/mercymuchai/Desktop/CHECKPOINT 1/cp1/src/js/components/Articles.jsx">
        <metrics statements="13" coveredstatements="3" conditionals="2" coveredconditionals="0" methods="6" coveredmethods="2"/>
        <line num="7" count="1" type="stmt"/>
        <line num="8" count="1" type="stmt"/>
        <line num="13" count="0" type="stmt"/>
        <line num="14" count="0" type="stmt"/>
        <line num="15" count="0" type="stmt"/>
        <line num="16" count="0" type="cond" truecount="0" falsecount="2"/>
        <line num="17" count="0" type="stmt"/>
        <line num="19" count="0" type="stmt"/>
        <line num="20" count="0" type="stmt"/>
        <line num="22" count="0" type="stmt"/>
        <line num="28" count="0" type="stmt"/>
        <line num="32" count="0" type="stmt"/>
        <line num="36" count="1" type="stmt"/>
      </file>
      <file name="Header.jsx" path="/Users/mercymuchai/Desktop/CHECKPOINT 1/cp1/src/js/components/Header.jsx">
        <metrics statements="1" coveredstatements="1" conditionals="0" coveredconditionals="0" methods="1" coveredmethods="1"/>
        <line num="6" count="2" type="stmt"/>
      </file>
      <file name="Login.jsx" path="/Users/mercymuchai/Desktop/CHECKPOINT 1/cp1/src/js/components/Login.jsx">
        <metrics statements="4" coveredstatements="2" conditionals="0" coveredconditionals="0" methods="3" coveredmethods="2"/>
        <line num="6" count="1" type="stmt"/>
        <line num="10" count="0" type="stmt"/>
        <line num="11" count="0" type="stmt"/>
        <line num="15" count="1" type="stmt"/>
      </file>
      <file name="RenderHeadlines.jsx" path="/Users/mercymuchai/Desktop/CHECKPOINT 1/cp1/src/js/components/RenderHeadlines.jsx">
        <metrics statements="2" coveredstatements="1" conditionals="0" coveredconditionals="0" methods="2" coveredmethods="1"/>
        <line num="7" count="1" type="stmt"/>
        <line num="11" count="0" type="stmt"/>
      </file>
      <file name="Search.js" path="/Users/mercymuchai/Desktop/CHECKPOINT 1/cp1/src/js/components/Search.js">
        <metrics statements="9" coveredstatements="4" conditionals="0" coveredconditionals="0" methods="7" coveredmethods="2"/>
        <line num="6" count="2" type="stmt"/>
        <line num="7" count="2" type="stmt"/>
        <line num="13" count="0" type="stmt"/>
        <line num="18" count="0" type="stmt"/>
        <line num="20" count="0" type="stmt"/>
        <line num="27" count="2" type="stmt"/>
        <line num="29" count="0" type="stmt"/>
        <line num="32" count="2" type="stmt"/>
        <line num="40" count="0" type="stmt"/>
      </file>
      <file name="Sources.js" path="/Users/mercymuchai/Desktop/CHECKPOINT 1/cp1/src/js/components/Sources.js">
        <metrics statements="24" coveredstatements="9" conditionals="0" coveredconditionals="0" methods="13" coveredmethods="4"/>
        <line num="4" count="3" type="stmt"/>
        <line num="25" count="1" type="stmt"/>
        <line num="26" count="1" type="stmt"/>
        <line num="35" count="1" type="stmt"/>
        <line num="38" count="0" type="stmt"/>
        <line num="41" count="0" type="stmt"/>
        <line num="42" count="0" type="stmt"/>
        <line num="43" count="0" type="stmt"/>
        <line num="44" count="0" type="stmt"/>
        <line num="46" count="0" type="stmt"/>
        <line num="52" count="0" type="stmt"/>
        <line num="53" count="0" type="stmt"/>
        <line num="54" count="0" type="stmt"/>
        <line num="56" count="0" type="stmt"/>
        <line num="57" count="0" type="stmt"/>
        <line num="60" count="0" type="stmt"/>
        <line num="72" count="1" type="stmt"/>
        <line num="74" count="1" type="stmt"/>
        <line num="75" count="0" type="stmt"/>
        <line num="78" count="1" type="stmt"/>
        <line num="88" count="2" type="stmt"/>
        <line num="100" count="9" type="stmt"/>
        <line num="107" count="0" type="stmt"/>
        <line num="108" count="0" type="stmt"/>
      </file>
      <file name="app.jsx" path="/Users/mercymuchai/Desktop/CHECKPOINT 1/cp1/src/js/components/app.jsx">
        <metrics statements="12" coveredstatements="3" conditionals="4" coveredconditionals="1" methods="5" coveredmethods="2"/>
        <line num="14" count="1" type="stmt"/>
        <line num="15" count="1" type="stmt"/>
        <line num="20" count="0" type="stmt"/>
        <line num="21" count="0" type="stmt"/>
        <line num="22" count="0" type="stmt"/>
        <line num="23" count="0" type="cond" truecount="0" falsecount="2"/>
        <line num="24" count="0" type="stmt"/>
        <line num="26" count="0" type="stmt"/>
        <line num="27" count="0" type="stmt"/>
        <line num="29" count="0" type="stmt"/>
        <line num="35" count="0" type="stmt"/>
        <line num="38" count="1" type="stmt"/>
      </file>
    </metrics>
  </project>
</coverage>
