TN:
SF:/Users/mercymuchai/Desktop/CHECKPOINT 1/cp1/src/js/components/Articles.jsx
FN:6,(anonymous_0)
FN:12,(anonymous_1)
FN:21,(anonymous_2)
FN:27,(anonymous_3)
FN:31,(anonymous_4)
FN:35,(anonymous_5)
FNF:6
FNH:4
FNDA:2,(anonymous_0)
FNDA:1,(anonymous_1)
FNDA:0,(anonymous_2)
FNDA:1,(anonymous_3)
FNDA:0,(anonymous_4)
FNDA:3,(anonymous_5)
DA:7,2
DA:8,2
DA:13,1
DA:14,1
DA:15,1
DA:16,1
DA:17,0
DA:19,1
DA:20,1
DA:22,0
DA:28,1
DA:32,0
DA:36,3
LF:13
LH:10
BRDA:16,0,0,0
BRDA:16,0,1,1
BRF:2
BRH:1
end_of_record
TN:
SF:/Users/mercymuchai/Desktop/CHECKPOINT 1/cp1/src/js/components/Login.jsx
FN:5,(anonymous_0)
FN:9,(anonymous_1)
FN:14,(anonymous_2)
FNF:3
FNH:2
FNDA:2,(anonymous_0)
FNDA:0,(anonymous_1)
FNDA:2,(anonymous_2)
DA:6,2
DA:10,0
DA:11,0
DA:15,2
LF:4
LH:2
BRF:0
BRH:0
end_of_record
TN:
SF:/Users/mercymuchai/Desktop/CHECKPOINT 1/cp1/src/js/components/RenderHeadlines.jsx
FN:6,(anonymous_0)
FN:10,(anonymous_1)
FNF:2
FNH:1
FNDA:4,(anonymous_0)
FNDA:0,(anonymous_1)
DA:7,4
DA:11,0
LF:2
LH:1
BRF:0
BRH:0
end_of_record
TN:
SF:/Users/mercymuchai/Desktop/CHECKPOINT 1/cp1/src/js/components/Search.jsx
FN:5,(anonymous_0)
FN:12,(anonymous_1)
FN:17,(anonymous_2)
FN:19,(anonymous_3)
FN:26,(anonymous_4)
FN:28,(anonymous_5)
FN:39,(anonymous_6)
FNF:7
FNH:4
FNDA:4,(anonymous_0)
FNDA:0,(anonymous_1)
FNDA:1,(anonymous_2)
FNDA:0,(anonymous_3)
FNDA:6,(anonymous_4)
FNDA:4,(anonymous_5)
FNDA:0,(anonymous_6)
DA:6,4
DA:7,4
DA:13,0
DA:18,1
DA:20,0
DA:27,6
DA:29,4
DA:32,6
DA:40,0
LF:9
LH:6
BRF:0
BRH:0
end_of_record
TN:
SF:/Users/mercymuchai/Desktop/CHECKPOINT 1/cp1/src/js/components/Sources.jsx
FN:24,(anonymous_0)
FN:37,(anonymous_1)
FN:40,(anonymous_2)
FN:45,(anonymous_3)
FN:46,(anonymous_4)
FN:51,(anonymous_5)
FN:53,(anonymous_6)
FN:56,(anonymous_7)
FN:64,(anonymous_8)
FN:74,(anonymous_9)
FN:87,(anonymous_10)
FN:99,(anonymous_11)
FN:106,(anonymous_12)
FNF:13
FNH:8
FNDA:3,(anonymous_0)
FNDA:1,(anonymous_1)
FNDA:1,(anonymous_2)
FNDA:0,(anonymous_3)
FNDA:0,(anonymous_4)
FNDA:0,(anonymous_5)
FNDA:0,(anonymous_6)
FNDA:0,(anonymous_7)
FNDA:5,(anonymous_8)
FNDA:4,(anonymous_9)
FNDA:10,(anonymous_10)
FNDA:45,(anonymous_11)
FNDA:2,(anonymous_12)
DA:4,4
DA:25,3
DA:26,3
DA:35,3
DA:38,1
DA:41,1
DA:42,1
DA:43,1
DA:44,1
DA:46,0
DA:52,0
DA:53,0
DA:54,0
DA:56,0
DA:57,0
DA:60,0
DA:72,5
DA:74,5
DA:75,4
DA:78,5
DA:88,10
DA:100,45
DA:107,2
DA:108,2
LF:24
LH:17
BRF:0
BRH:0
end_of_record
TN:
SF:/Users/mercymuchai/Desktop/CHECKPOINT 1/cp1/src/js/components/app.jsx
FN:12,(anonymous_0)
FN:18,(anonymous_1)
FN:27,(anonymous_2)
FN:33,(anonymous_3)
FN:36,(anonymous_4)
FNF:5
FNH:2
FNDA:4,(anonymous_0)
FNDA:0,(anonymous_1)
FNDA:0,(anonymous_2)
FNDA:0,(anonymous_3)
FNDA:4,(anonymous_4)
DA:13,4
DA:14,4
DA:19,0
DA:20,0
DA:21,0
DA:22,0
DA:23,0
DA:25,0
DA:26,0
DA:28,0
DA:34,0
DA:37,4
LF:12
LH:3
BRDA:22,0,0,0
BRDA:22,0,1,0
BRDA:52,1,0,0
BRDA:52,1,1,4
BRF:4
BRH:1
end_of_record
